  vorbisfile.c
C:\Users\dyanr\Desktop\blitz-source\libvorbis\lib\vorbisfile.c(258,30): warning C4244: 'function': conversion from 'ogg_int64_t' to 'long', possible loss of data
C:\Users\dyanr\Desktop\blitz-source\libvorbis\lib\vorbisfile.c(276,15): warning C4244: '=': conversion from 'ogg_int64_t' to 'int', possible loss of data
C:\Users\dyanr\Desktop\blitz-source\libvorbis\lib\vorbisfile.c(548,21): warning C4244: 'return': conversion from 'ogg_int64_t' to 'int', possible loss of data
C:\Users\dyanr\Desktop\blitz-source\libvorbis\lib\vorbisfile.c(569,19): warning C4244: 'return': conversion from 'ogg_int64_t' to 'int', possible loss of data
C:\Users\dyanr\Desktop\blitz-source\libvorbis\lib\vorbisfile.c(572,19): warning C4244: 'return': conversion from 'ogg_int64_t' to 'int', possible loss of data
C:\Users\dyanr\Desktop\blitz-source\libvorbis\lib\vorbisfile.c(582,19): warning C4244: 'return': conversion from 'ogg_int64_t' to 'int', possible loss of data
C:\Users\dyanr\Desktop\blitz-source\libvorbis\lib\vorbisfile.c(644,19): warning C4244: 'return': conversion from 'ogg_int64_t' to 'int', possible loss of data
C:\Users\dyanr\Desktop\blitz-source\libvorbis\lib\vorbisfile.c(877,18): warning C4244: 'function': conversion from 'ogg_int64_t' to 'long', possible loss of data
C:\Users\dyanr\Desktop\blitz-source\libvorbis\lib\vorbisfile.c(1121,14): warning C4244: '=': conversion from 'double' to 'float', possible loss of data
C:\Users\dyanr\Desktop\blitz-source\libvorbis\lib\vorbisfile.c(1122,11): warning C4244: 'return': conversion from 'double' to 'long', possible loss of data
C:\Users\dyanr\Desktop\blitz-source\libvorbis\lib\vorbisfile.c(1126,13): warning C4244: 'return': conversion from 'double' to 'long', possible loss of data
C:\Users\dyanr\Desktop\blitz-source\libvorbis\lib\vorbisfile.c(1154,51): warning C4244: '=': conversion from 'double' to 'long', possible loss of data
C:\Users\dyanr\Desktop\blitz-source\libvorbis\lib\vorbisfile.c(1763,33): warning C4244: '=': conversion from 'ogg_int64_t' to 'long', possible loss of data
C:\Users\dyanr\Desktop\blitz-source\libvorbis\lib\vorbisfile.c(1800,33): warning C4244: 'initializing': conversion from 'double' to 'ogg_int64_t', possible loss of data
C:\Users\dyanr\Desktop\blitz-source\libvorbis\lib\vorbisfile.c(1830,33): warning C4244: 'initializing': conversion from 'double' to 'ogg_int64_t', possible loss of data
C:\Users\dyanr\Desktop\blitz-source\libvorbis\lib\vorbisfile.c(2169,18): warning C4244: 'initializing': conversion from 'double' to 'float', possible loss of data
C:\Program Files\Microsoft Visual Studio\2022\Community\MSBuild\Microsoft\VC\v170\Microsoft.CppBuild.targets(1574,5): warning MSB8012: TargetPath(C:\Users\dyanr\Desktop\blitz-source\libvorbis\win32\VS2010\Win32\Release\libvorbisfile.lib) does not match the Library's OutputFile property value (C:\Users\dyanr\Desktop\blitz-source\libvorbis\win32\VS2010\Win32\Release\libvorbisfile_static.lib). This may cause your project to build incorrectly. To correct this, please make sure that $(OutDir), $(TargetName) and $(TargetExt) property values match the value specified in %(Lib.OutputFile).
C:\Program Files\Microsoft Visual Studio\2022\Community\MSBuild\Microsoft\VC\v170\Microsoft.CppBuild.targets(1576,5): warning MSB8012: TargetName(libvorbisfile) does not match the Library's OutputFile property value (libvorbisfile_static). This may cause your project to build incorrectly. To correct this, please make sure that $(OutDir), $(TargetName) and $(TargetExt) property values match the value specified in %(Lib.OutputFile).
  libvorbisfile_static.vcxproj -> C:\Users\dyanr\Desktop\blitz-source\libvorbis\win32\VS2010\Win32\Release\libvorbisfile.lib
