  analysis.c
  bitrate.c
  block.c
  codebook.c
C:\Users\dyanr\Desktop\blitz-source\libvorbis\lib\block.c(255,9): warning C4456: declaration of 'i' hides previous local declaration
  C:\Users\dyanr\Desktop\blitz-source\libvorbis\lib\block.c(171,7):
  see declaration of 'i'
  
C:\Users\dyanr\Desktop\blitz-source\libvorbis\lib\block.c(1028,9): warning C4456: declaration of 'i' hides previous local declaration
  C:\Users\dyanr\Desktop\blitz-source\libvorbis\lib\block.c(971,7):
  see declaration of 'i'
  
  envelope.c
  floor0.c
  floor1.c
C:\Users\dyanr\Desktop\blitz-source\libvorbis\lib\floor1.c(496,14): warning C4457: declaration of 'a' hides function parameter
  C:\Users\dyanr\Desktop\blitz-source\libvorbis\lib\floor1.c(456,32):
  see declaration of 'a'
  
C:\Users\dyanr\Desktop\blitz-source\libvorbis\lib\floor1.c(713,11): warning C4456: declaration of 'y0' hides previous local declaration
  C:\Users\dyanr\Desktop\blitz-source\libvorbis\lib\floor1.c(612,9):
  see declaration of 'y0'
  
C:\Users\dyanr\Desktop\blitz-source\libvorbis\lib\floor1.c(714,11): warning C4456: declaration of 'y1' hides previous local declaration
  C:\Users\dyanr\Desktop\blitz-source\libvorbis\lib\floor1.c(613,9):
  see declaration of 'y1'
  
  info.c
C:\Users\dyanr\Desktop\blitz-source\libvorbis\lib\info.c(64,3): warning C4996: 'strcpy': This function or variable may be unsafe. Consider using strcpy_s instead. To disable deprecation, use _CRT_SECURE_NO_WARNINGS. See online help for details.
C:\Users\dyanr\Desktop\blitz-source\libvorbis\lib\info.c(72,3): warning C4996: 'strcpy': This function or variable may be unsafe. Consider using strcpy_s instead. To disable deprecation, use _CRT_SECURE_NO_WARNINGS. See online help for details.
C:\Users\dyanr\Desktop\blitz-source\libvorbis\lib\info.c(73,3): warning C4996: 'strcat': This function or variable may be unsafe. Consider using strcat_s instead. To disable deprecation, use _CRT_SECURE_NO_WARNINGS. See online help for details.
C:\Users\dyanr\Desktop\blitz-source\libvorbis\lib\info.c(74,3): warning C4996: 'strcat': This function or variable may be unsafe. Consider using strcat_s instead. To disable deprecation, use _CRT_SECURE_NO_WARNINGS. See online help for details.
C:\Users\dyanr\Desktop\blitz-source\libvorbis\lib\info.c(97,3): warning C4996: 'strcpy': This function or variable may be unsafe. Consider using strcpy_s instead. To disable deprecation, use _CRT_SECURE_NO_WARNINGS. See online help for details.
C:\Users\dyanr\Desktop\blitz-source\libvorbis\lib\info.c(98,3): warning C4996: 'strcat': This function or variable may be unsafe. Consider using strcat_s instead. To disable deprecation, use _CRT_SECURE_NO_WARNINGS. See online help for details.
C:\Users\dyanr\Desktop\blitz-source\libvorbis\lib\info.c(119,3): warning C4996: 'strcpy': This function or variable may be unsafe. Consider using strcpy_s instead. To disable deprecation, use _CRT_SECURE_NO_WARNINGS. See online help for details.
C:\Users\dyanr\Desktop\blitz-source\libvorbis\lib\info.c(120,3): warning C4996: 'strcat': This function or variable may be unsafe. Consider using strcat_s instead. To disable deprecation, use _CRT_SECURE_NO_WARNINGS. See online help for details.
  lookup.c
  lpc.c
  lsp.c
  mapping0.c
  mdct.c
C:\Users\dyanr\Desktop\blitz-source\libvorbis\lib\mdct.c(78,31): warning C4456: declaration of 'i' hides previous local declaration
  C:\Users\dyanr\Desktop\blitz-source\libvorbis\lib\mdct.c(55,7):
  see declaration of 'i'
  
C:\Users\dyanr\Desktop\blitz-source\libvorbis\lib\mdct.c(439,16): warning C4456: declaration of 'iX' hides previous local declaration
  C:\Users\dyanr\Desktop\blitz-source\libvorbis\lib\mdct.c(403,14):
  see declaration of 'iX'
  
  psy.c
C:\Users\dyanr\Desktop\blitz-source\libvorbis\lib\psy.c(238,13): warning C4456: declaration of 'bin' hides previous local declaration
  C:\Users\dyanr\Desktop\blitz-source\libvorbis\lib\psy.c(159,27):
  see declaration of 'bin'
  
  registry.c
  res0.c
  sharedbook.c
  smallft.c
  synthesis.c
  vorbisenc.c
  Compiling...
  window.c
  libvorbis_static.vcxproj -> C:\Users\dyanr\Desktop\blitz-source\libvorbis\win32\VS2010\Win32\Release\libvorbis_static.lib
